<?xml version="1.0"?>
<!DOCTYPE coverage SYSTEM "http://cobertura.sourceforge.net/xml/coverage-04.dtd">

<coverage line-rate="0.7120938628158845" branch-rate="0.6479289940828402" lines-covered="789" lines-valid="1108" branches-covered="219" branches-valid="338" complexity="1.5159090909090909" version="1.9.4.1" timestamp="1293112003598">
	<sources>
		<source>--source</source>
		<source>Z:/projects/greatage/ioc/src/main/java</source>
	</sources>
	<packages>
		<package name="org.greatage.ioc" line-rate="0.8486707566462167" branch-rate="0.7397260273972602" complexity="1.6390532544378698">
			<classes>
				<class name="org.greatage.ioc.AbstractConfiguration" filename="org/greatage/ioc/AbstractConfiguration.java" line-rate="0.75" branch-rate="1.0" complexity="2.0">
					<methods>
						<method name="&lt;init&gt;" signature="(Lorg/greatage/ioc/ServiceResources;)V" line-rate="1.0" branch-rate="1.0">
							<lines>
								<line number="16" hits="5" branch="false"/>
								<line number="17" hits="5" branch="false"/>
								<line number="18" hits="5" branch="false"/>
							</lines>
						</method>
						<method name="newInstance" signature="(Ljava/lang/Class;)Ljava/lang/Object;" line-rate="0.6" branch-rate="1.0">
							<lines>
								<line number="22" hits="12" branch="false"/>
								<line number="23" hits="12" branch="false"/>
								<line number="24" hits="12" branch="false"/>
								<line number="25" hits="0" branch="false"/>
								<line number="26" hits="0" branch="false"/>
							</lines>
						</method>
					</methods>
					<lines>
						<line number="16" hits="5" branch="false"/>
						<line number="17" hits="5" branch="false"/>
						<line number="18" hits="5" branch="false"/>
						<line number="22" hits="12" branch="false"/>
						<line number="23" hits="12" branch="false"/>
						<line number="24" hits="12" branch="false"/>
						<line number="25" hits="0" branch="false"/>
						<line number="26" hits="0" branch="false"/>
					</lines>
				</class>
				<class name="org.greatage.ioc.Configuration" filename="org/greatage/ioc/Configuration.java" line-rate="1.0" branch-rate="1.0" complexity="1.0">
					<methods>
					</methods>
					<lines>
					</lines>
				</class>
				<class name="org.greatage.ioc.ConfigurationImpl" filename="org/greatage/ioc/ConfigurationImpl.java" line-rate="0.0" branch-rate="1.0" complexity="1.0">
					<methods>
						<method name="&lt;init&gt;" signature="(Lorg/greatage/ioc/ServiceResources;)V" line-rate="0.0" branch-rate="1.0">
							<lines>
								<line number="16" hits="0" branch="false"/>
								<line number="19" hits="0" branch="false"/>
								<line number="20" hits="0" branch="false"/>
							</lines>
						</method>
						<method name="add" signature="(Ljava/lang/Object;)Lorg/greatage/ioc/Configuration;" line-rate="0.0" branch-rate="1.0">
							<lines>
								<line number="23" hits="0" branch="false"/>
								<line number="24" hits="0" branch="false"/>
							</lines>
						</method>
						<method name="addInstance" signature="(Ljava/lang/Class;)Lorg/greatage/ioc/Configuration;" line-rate="0.0" branch-rate="1.0">
							<lines>
								<line number="28" hits="0" branch="false"/>
							</lines>
						</method>
						<method name="build" signature="()Ljava/lang/Object;" line-rate="0.0" branch-rate="1.0">
							<lines>
								<line number="15" hits="0" branch="false"/>
							</lines>
						</method>
						<method name="build" signature="()Ljava/util/Collection;" line-rate="0.0" branch-rate="1.0">
							<lines>
								<line number="32" hits="0" branch="false"/>
							</lines>
						</method>
					</methods>
					<lines>
						<line number="15" hits="0" branch="false"/>
						<line number="16" hits="0" branch="false"/>
						<line number="19" hits="0" branch="false"/>
						<line number="20" hits="0" branch="false"/>
						<line number="23" hits="0" branch="false"/>
						<line number="24" hits="0" branch="false"/>
						<line number="28" hits="0" branch="false"/>
						<line number="32" hits="0" branch="false"/>
					</lines>
				</class>
				<class name="org.greatage.ioc.Contributor" filename="org/greatage/ioc/Contributor.java" line-rate="1.0" branch-rate="1.0" complexity="1.0">
					<methods>
					</methods>
					<lines>
					</lines>
				</class>
				<class name="org.greatage.ioc.ContributorImpl" filename="org/greatage/ioc/ContributorImpl.java" line-rate="0.8421052631578947" branch-rate="0.625" complexity="3.3333333333333335">
					<methods>
						<method name="&lt;init&gt;" signature="(Ljava/lang/Class;Ljava/lang/reflect/Method;)V" line-rate="0.8888888888888888" branch-rate="0.5">
							<lines>
								<line number="25" hits="9" branch="false"/>
								<line number="26" hits="9" branch="false"/>
								<line number="27" hits="9" branch="false"/>
								<line number="29" hits="9" branch="true" condition-coverage="50% (1/2)">
									<conditions>
										<condition number="0" type="jump" coverage="50%"/>
									</conditions>
								</line>
								<line number="30" hits="0" branch="false"/>
								<line number="33" hits="9" branch="false"/>
								<line number="34" hits="9" branch="true" condition-coverage="50% (1/2)">
									<conditions>
										<condition number="0" type="jump" coverage="50%"/>
									</conditions>
								</line>
								<line number="36" hits="9" branch="false"/>
								<line number="37" hits="9" branch="false"/>
							</lines>
						</method>
						<method name="contribute" signature="(Lorg/greatage/ioc/ServiceResources;)V" line-rate="0.7777777777777778" branch-rate="1.0">
							<lines>
								<line number="46" hits="5" branch="false"/>
								<line number="47" hits="5" branch="false"/>
								<line number="50" hits="5" branch="true" condition-coverage="100% (2/2)">
									<conditions>
										<condition number="0" type="jump" coverage="100%"/>
									</conditions>
								</line>
								<line number="51" hits="5" branch="false"/>
								<line number="52" hits="5" branch="false"/>
								<line number="53" hits="0" branch="false"/>
								<line number="54" hits="0" branch="false"/>
								<line number="55" hits="5" branch="false"/>
								<line number="56" hits="5" branch="false"/>
							</lines>
						</method>
						<method name="supports" signature="(Lorg/greatage/ioc/Service;)Z" line-rate="1.0" branch-rate="0.5">
							<lines>
								<line number="40" hits="121" branch="true" condition-coverage="50% (1/2)">
									<conditions>
										<condition number="0" type="jump" coverage="50%"/>
									</conditions>
								</line>
							</lines>
						</method>
					</methods>
					<lines>
						<line number="25" hits="9" branch="false"/>
						<line number="26" hits="9" branch="false"/>
						<line number="27" hits="9" branch="false"/>
						<line number="29" hits="9" branch="true" condition-coverage="50% (1/2)">
							<conditions>
								<condition number="0" type="jump" coverage="50%"/>
							</conditions>
						</line>
						<line number="30" hits="0" branch="false"/>
						<line number="33" hits="9" branch="false"/>
						<line number="34" hits="9" branch="true" condition-coverage="50% (1/2)">
							<conditions>
								<condition number="0" type="jump" coverage="50%"/>
							</conditions>
						</line>
						<line number="36" hits="9" branch="false"/>
						<line number="37" hits="9" branch="false"/>
						<line number="40" hits="121" branch="true" condition-coverage="50% (1/2)">
							<conditions>
								<condition number="0" type="jump" coverage="50%"/>
							</conditions>
						</line>
						<line number="46" hits="5" branch="false"/>
						<line number="47" hits="5" branch="false"/>
						<line number="50" hits="5" branch="true" condition-coverage="100% (2/2)">
							<conditions>
								<condition number="0" type="jump" coverage="100%"/>
							</conditions>
						</line>
						<line number="51" hits="5" branch="false"/>
						<line number="52" hits="5" branch="false"/>
						<line number="53" hits="0" branch="false"/>
						<line number="54" hits="0" branch="false"/>
						<line number="55" hits="5" branch="false"/>
						<line number="56" hits="5" branch="false"/>
					</lines>
				</class>
				<class name="org.greatage.ioc.Decorator" filename="org/greatage/ioc/Decorator.java" line-rate="1.0" branch-rate="1.0" complexity="1.0">
					<methods>
					</methods>
					<lines>
					</lines>
				</class>
				<class name="org.greatage.ioc.DecoratorImpl" filename="org/greatage/ioc/DecoratorImpl.java" line-rate="0.8076923076923077" branch-rate="0.5" complexity="2.8">
					<methods>
						<method name="&lt;init&gt;" signature="(Ljava/lang/Class;Ljava/lang/reflect/Method;)V" line-rate="0.8" branch-rate="0.5">
							<lines>
								<line number="32" hits="2" branch="false"/>
								<line number="33" hits="2" branch="false"/>
								<line number="34" hits="2" branch="false"/>
								<line number="37" hits="2" branch="false"/>
								<line number="38" hits="2" branch="true" condition-coverage="50% (1/2)">
									<conditions>
										<condition number="0" type="jump" coverage="50%"/>
									</conditions>
								</line>
								<line number="39" hits="0" branch="false"/>
								<line number="42" hits="2" branch="false"/>
								<line number="43" hits="2" branch="true" condition-coverage="50% (1/2)">
									<conditions>
										<condition number="0" type="jump" coverage="50%"/>
									</conditions>
								</line>
								<line number="45" hits="2" branch="false"/>
								<line number="46" hits="2" branch="true" condition-coverage="50% (1/2)">
									<conditions>
										<condition number="0" type="jump" coverage="50%"/>
									</conditions>
								</line>
								<line number="47" hits="2" branch="false"/>
								<line number="48" hits="2" branch="false"/>
								<line number="50" hits="0" branch="false"/>
								<line number="51" hits="0" branch="false"/>
								<line number="53" hits="2" branch="false"/>
							</lines>
						</method>
						<method name="decorate" signature="(Lorg/greatage/ioc/ServiceResources;)Ljava/lang/Object;" line-rate="0.75" branch-rate="0.5">
							<lines>
								<line number="70" hits="2" branch="false"/>
								<line number="71" hits="2" branch="false"/>
								<line number="73" hits="2" branch="false"/>
								<line number="75" hits="2" branch="true" condition-coverage="50% (1/2)">
									<conditions>
										<condition number="0" type="jump" coverage="50%"/>
									</conditions>
								</line>
								<line number="76" hits="2" branch="false"/>
								<line number="77" hits="2" branch="false"/>
								<line number="78" hits="0" branch="false"/>
								<line number="79" hits="0" branch="false"/>
							</lines>
						</method>
						<method name="getOrderConstraints" signature="()Ljava/util/List;" line-rate="1.0" branch-rate="1.0">
							<lines>
								<line number="66" hits="2" branch="false"/>
							</lines>
						</method>
						<method name="getOrderId" signature="()Ljava/lang/String;" line-rate="1.0" branch-rate="1.0">
							<lines>
								<line number="62" hits="6" branch="false"/>
							</lines>
						</method>
						<method name="supports" signature="(Lorg/greatage/ioc/Service;)Z" line-rate="1.0" branch-rate="0.5">
							<lines>
								<line number="56" hits="26" branch="true" condition-coverage="50% (1/2)">
									<conditions>
										<condition number="0" type="jump" coverage="50%"/>
									</conditions>
								</line>
							</lines>
						</method>
					</methods>
					<lines>
						<line number="32" hits="2" branch="false"/>
						<line number="33" hits="2" branch="false"/>
						<line number="34" hits="2" branch="false"/>
						<line number="37" hits="2" branch="false"/>
						<line number="38" hits="2" branch="true" condition-coverage="50% (1/2)">
							<conditions>
								<condition number="0" type="jump" coverage="50%"/>
							</conditions>
						</line>
						<line number="39" hits="0" branch="false"/>
						<line number="42" hits="2" branch="false"/>
						<line number="43" hits="2" branch="true" condition-coverage="50% (1/2)">
							<conditions>
								<condition number="0" type="jump" coverage="50%"/>
							</conditions>
						</line>
						<line number="45" hits="2" branch="false"/>
						<line number="46" hits="2" branch="true" condition-coverage="50% (1/2)">
							<conditions>
								<condition number="0" type="jump" coverage="50%"/>
							</conditions>
						</line>
						<line number="47" hits="2" branch="false"/>
						<line number="48" hits="2" branch="false"/>
						<line number="50" hits="0" branch="false"/>
						<line number="51" hits="0" branch="false"/>
						<line number="53" hits="2" branch="false"/>
						<line number="56" hits="26" branch="true" condition-coverage="50% (1/2)">
							<conditions>
								<condition number="0" type="jump" coverage="50%"/>
							</conditions>
						</line>
						<line number="62" hits="6" branch="false"/>
						<line number="66" hits="2" branch="false"/>
						<line number="70" hits="2" branch="false"/>
						<line number="71" hits="2" branch="false"/>
						<line number="73" hits="2" branch="false"/>
						<line number="75" hits="2" branch="true" condition-coverage="50% (1/2)">
							<conditions>
								<condition number="0" type="jump" coverage="50%"/>
							</conditions>
						</line>
						<line number="76" hits="2" branch="false"/>
						<line number="77" hits="2" branch="false"/>
						<line number="78" hits="0" branch="false"/>
						<line number="79" hits="0" branch="false"/>
					</lines>
				</class>
				<class name="org.greatage.ioc.IOCModule" filename="org/greatage/ioc/IOCModule.java" line-rate="0.7777777777777778" branch-rate="1.0" complexity="1.0">
					<methods>
						<method name="&lt;init&gt;" signature="()V" line-rate="0.0" branch-rate="1.0">
							<lines>
								<line number="38" hits="0" branch="false"/>
							</lines>
						</method>
						<method name="bind" signature="(Lorg/greatage/ioc/ServiceBinder;)V" line-rate="1.0" branch-rate="1.0">
							<lines>
								<line number="42" hits="4" branch="false"/>
								<line number="43" hits="4" branch="false"/>
								<line number="44" hits="4" branch="false"/>
								<line number="45" hits="4" branch="false"/>
								<line number="46" hits="4" branch="false"/>
								<line number="47" hits="4" branch="false"/>
								<line number="48" hits="4" branch="false"/>
								<line number="49" hits="4" branch="false"/>
								<line number="51" hits="4" branch="false"/>
								<line number="52" hits="4" branch="false"/>
							</lines>
						</method>
						<method name="contributeScopeManager" signature="(Lorg/greatage/ioc/MappedConfiguration;)V" line-rate="1.0" branch-rate="1.0">
							<lines>
								<line number="56" hits="4" branch="false"/>
								<line number="57" hits="4" branch="false"/>
								<line number="58" hits="4" branch="false"/>
								<line number="59" hits="4" branch="false"/>
							</lines>
						</method>
						<method name="contributeSymbolSource" signature="(Lorg/greatage/ioc/OrderedConfiguration;Lorg/greatage/ioc/symbol/SymbolProvider;)V" line-rate="0.0" branch-rate="1.0">
							<lines>
								<line number="64" hits="0" branch="false"/>
								<line number="65" hits="0" branch="false"/>
								<line number="66" hits="0" branch="false"/>
							</lines>
						</method>
					</methods>
					<lines>
						<line number="38" hits="0" branch="false"/>
						<line number="42" hits="4" branch="false"/>
						<line number="43" hits="4" branch="false"/>
						<line number="44" hits="4" branch="false"/>
						<line number="45" hits="4" branch="false"/>
						<line number="46" hits="4" branch="false"/>
						<line number="47" hits="4" branch="false"/>
						<line number="48" hits="4" branch="false"/>
						<line number="49" hits="4" branch="false"/>
						<line number="51" hits="4" branch="false"/>
						<line number="52" hits="4" branch="false"/>
						<line number="56" hits="4" branch="false"/>
						<line number="57" hits="4" branch="false"/>
						<line number="58" hits="4" branch="false"/>
						<line number="59" hits="4" branch="false"/>
						<line number="64" hits="0" branch="false"/>
						<line number="65" hits="0" branch="false"/>
						<line number="66" hits="0" branch="false"/>
					</lines>
				</class>
				<class name="org.greatage.ioc.Interceptor" filename="org/greatage/ioc/Interceptor.java" line-rate="1.0" branch-rate="1.0" complexity="1.0">
					<methods>
					</methods>
					<lines>
					</lines>
				</class>
				<class name="org.greatage.ioc.InterceptorImpl" filename="org/greatage/ioc/InterceptorImpl.java" line-rate="0.8260869565217391" branch-rate="0.5" complexity="2.4">
					<methods>
						<method name="&lt;init&gt;" signature="(Ljava/lang/Class;Ljava/lang/reflect/Method;)V" line-rate="0.8461538461538461" branch-rate="0.5">
							<lines>
								<line number="33" hits="2" branch="false"/>
								<line number="34" hits="2" branch="false"/>
								<line number="35" hits="2" branch="false"/>
								<line number="37" hits="2" branch="false"/>
								<line number="38" hits="2" branch="true" condition-coverage="50% (1/2)">
									<conditions>
										<condition number="0" type="jump" coverage="50%"/>
									</conditions>
								</line>
								<line number="40" hits="2" branch="false"/>
								<line number="42" hits="2" branch="false"/>
								<line number="43" hits="2" branch="true" condition-coverage="50% (1/2)">
									<conditions>
										<condition number="0" type="jump" coverage="50%"/>
									</conditions>
								</line>
								<line number="44" hits="2" branch="false"/>
								<line number="45" hits="2" branch="false"/>
								<line number="47" hits="0" branch="false"/>
								<line number="48" hits="0" branch="false"/>
								<line number="50" hits="2" branch="false"/>
							</lines>
						</method>
						<method name="getOrderConstraints" signature="()Ljava/util/List;" line-rate="1.0" branch-rate="1.0">
							<lines>
								<line number="63" hits="4" branch="false"/>
							</lines>
						</method>
						<method name="getOrderId" signature="()Ljava/lang/String;" line-rate="1.0" branch-rate="1.0">
							<lines>
								<line number="59" hits="12" branch="false"/>
							</lines>
						</method>
						<method name="intercept" signature="(Lorg/greatage/ioc/ServiceResources;)Lorg/greatage/ioc/proxy/MethodAdvice;" line-rate="0.7142857142857143" branch-rate="0.5">
							<lines>
								<line number="67" hits="4" branch="false"/>
								<line number="68" hits="4" branch="false"/>
								<line number="71" hits="4" branch="true" condition-coverage="50% (1/2)">
									<conditions>
										<condition number="0" type="jump" coverage="50%"/>
									</conditions>
								</line>
								<line number="72" hits="4" branch="false"/>
								<line number="73" hits="4" branch="false"/>
								<line number="74" hits="0" branch="false"/>
								<line number="75" hits="0" branch="false"/>
							</lines>
						</method>
						<method name="supports" signature="(Lorg/greatage/ioc/Service;)Z" line-rate="1.0" branch-rate="0.5">
							<lines>
								<line number="53" hits="28" branch="true" condition-coverage="50% (1/2)">
									<conditions>
										<condition number="0" type="jump" coverage="50%"/>
									</conditions>
								</line>
							</lines>
						</method>
					</methods>
					<lines>
						<line number="33" hits="2" branch="false"/>
						<line number="34" hits="2" branch="false"/>
						<line number="35" hits="2" branch="false"/>
						<line number="37" hits="2" branch="false"/>
						<line number="38" hits="2" branch="true" condition-coverage="50% (1/2)">
							<conditions>
								<condition number="0" type="jump" coverage="50%"/>
							</conditions>
						</line>
						<line number="40" hits="2" branch="false"/>
						<line number="42" hits="2" branch="false"/>
						<line number="43" hits="2" branch="true" condition-coverage="50% (1/2)">
							<conditions>
								<condition number="0" type="jump" coverage="50%"/>
							</conditions>
						</line>
						<line number="44" hits="2" branch="false"/>
						<line number="45" hits="2" branch="false"/>
						<line number="47" hits="0" branch="false"/>
						<line number="48" hits="0" branch="false"/>
						<line number="50" hits="2" branch="false"/>
						<line number="53" hits="28" branch="true" condition-coverage="50% (1/2)">
							<conditions>
								<condition number="0" type="jump" coverage="50%"/>
							</conditions>
						</line>
						<line number="59" hits="12" branch="false"/>
						<line number="63" hits="4" branch="false"/>
						<line number="67" hits="4" branch="false"/>
						<line number="68" hits="4" branch="false"/>
						<line number="71" hits="4" branch="true" condition-coverage="50% (1/2)">
							<conditions>
								<condition number="0" type="jump" coverage="50%"/>
							</conditions>
						</line>
						<line number="72" hits="4" branch="false"/>
						<line number="73" hits="4" branch="false"/>
						<line number="74" hits="0" branch="false"/>
						<line number="75" hits="0" branch="false"/>
					</lines>
				</class>
				<class name="org.greatage.ioc.InternalService" filename="org/greatage/ioc/InternalService.java" line-rate="1.0" branch-rate="1.0" complexity="1.2">
					<methods>
						<method name="&lt;init&gt;" signature="(Lorg/greatage/ioc/ServiceLocator;Lorg/greatage/ioc/Service;Ljava/util/List;Ljava/util/List;)V" line-rate="1.0" branch-rate="1.0">
							<lines>
								<line number="23" hits="12" branch="false"/>
								<line number="24" hits="12" branch="false"/>
								<line number="25" hits="12" branch="false"/>
								<line number="26" hits="12" branch="false"/>
							</lines>
						</method>
						<method name="getService" signature="()Ljava/lang/Object;" line-rate="1.0" branch-rate="1.0">
							<lines>
								<line number="41" hits="65" branch="true" condition-coverage="100% (2/2)">
									<conditions>
										<condition number="0" type="jump" coverage="100%"/>
									</conditions>
								</line>
								<line number="42" hits="12" branch="false"/>
								<line number="44" hits="65" branch="false"/>
							</lines>
						</method>
						<method name="getServiceClass" signature="()Ljava/lang/Class;" line-rate="1.0" branch-rate="1.0">
							<lines>
								<line number="33" hits="273" branch="false"/>
							</lines>
						</method>
						<method name="getServiceId" signature="()Ljava/lang/String;" line-rate="1.0" branch-rate="1.0">
							<lines>
								<line number="29" hits="12" branch="false"/>
							</lines>
						</method>
						<method name="getServiceScope" signature="()Ljava/lang/String;" line-rate="1.0" branch-rate="1.0">
							<lines>
								<line number="37" hits="12" branch="false"/>
							</lines>
						</method>
					</methods>
					<lines>
						<line number="23" hits="12" branch="false"/>
						<line number="24" hits="12" branch="false"/>
						<line number="25" hits="12" branch="false"/>
						<line number="26" hits="12" branch="false"/>
						<line number="29" hits="12" branch="false"/>
						<line number="33" hits="273" branch="false"/>
						<line number="37" hits="12" branch="false"/>
						<line number="41" hits="65" branch="true" condition-coverage="100% (2/2)">
							<conditions>
								<condition number="0" type="jump" coverage="100%"/>
							</conditions>
						</line>
						<line number="42" hits="12" branch="false"/>
						<line number="44" hits="65" branch="false"/>
					</lines>
				</class>
				<class name="org.greatage.ioc.InternalUtils" filename="org/greatage/ioc/InternalUtils.java" line-rate="0.875" branch-rate="1.0" complexity="1.3333333333333333">
					<methods>
						<method name="&lt;init&gt;" signature="()V" line-rate="0.0" branch-rate="1.0">
							<lines>
								<line number="15" hits="0" branch="false"/>
							</lines>
						</method>
						<method name="calculateInjections" signature="(Lorg/greatage/ioc/ServiceResources;[Ljava/lang/Class;[[Ljava/lang/annotation/Annotation;)[Ljava/lang/Object;" line-rate="1.0" branch-rate="1.0">
							<lines>
								<line number="27" hits="49" branch="false"/>
								<line number="28" hits="49" branch="false"/>
								<line number="29" hits="66" branch="true" condition-coverage="100% (2/2)">
									<conditions>
										<condition number="0" type="jump" coverage="100%"/>
									</conditions>
								</line>
								<line number="30" hits="17" branch="false"/>
								<line number="32" hits="49" branch="false"/>
							</lines>
						</method>
						<method name="calculateParameters" signature="(Lorg/greatage/ioc/ServiceResources;Ljava/lang/reflect/Constructor;)[Ljava/lang/Object;" line-rate="1.0" branch-rate="1.0">
							<lines>
								<line number="18" hits="30" branch="false"/>
							</lines>
						</method>
						<method name="calculateParameters" signature="(Lorg/greatage/ioc/ServiceResources;Ljava/lang/reflect/Method;)[Ljava/lang/Object;" line-rate="1.0" branch-rate="1.0">
							<lines>
								<line number="22" hits="19" branch="false"/>
							</lines>
						</method>
					</methods>
					<lines>
						<line number="15" hits="0" branch="false"/>
						<line number="18" hits="30" branch="false"/>
						<line number="22" hits="19" branch="false"/>
						<line number="27" hits="49" branch="false"/>
						<line number="28" hits="49" branch="false"/>
						<line number="29" hits="66" branch="true" condition-coverage="100% (2/2)">
							<conditions>
								<condition number="0" type="jump" coverage="100%"/>
							</conditions>
						</line>
						<line number="30" hits="17" branch="false"/>
						<line number="32" hits="49" branch="false"/>
					</lines>
				</class>
				<class name="org.greatage.ioc.MappedConfiguration" filename="org/greatage/ioc/MappedConfiguration.java" line-rate="1.0" branch-rate="1.0" complexity="1.0">
					<methods>
					</methods>
					<lines>
					</lines>
				</class>
				<class name="org.greatage.ioc.MappedConfigurationImpl" filename="org/greatage/ioc/MappedConfigurationImpl.java" line-rate="0.8888888888888888" branch-rate="1.0" complexity="1.0">
					<methods>
						<method name="&lt;init&gt;" signature="(Lorg/greatage/ioc/ServiceResources;)V" line-rate="1.0" branch-rate="1.0">
							<lines>
								<line number="17" hits="4" branch="false"/>
								<line number="20" hits="4" branch="false"/>
								<line number="21" hits="4" branch="false"/>
							</lines>
						</method>
						<method name="add" signature="(Ljava/lang/Object;Ljava/lang/Object;)Lorg/greatage/ioc/MappedConfiguration;" line-rate="1.0" branch-rate="1.0">
							<lines>
								<line number="24" hits="12" branch="false"/>
								<line number="25" hits="12" branch="false"/>
							</lines>
						</method>
						<method name="addInstance" signature="(Ljava/lang/Object;Ljava/lang/Class;)Lorg/greatage/ioc/MappedConfiguration;" line-rate="1.0" branch-rate="1.0">
							<lines>
								<line number="29" hits="12" branch="false"/>
								<line number="30" hits="12" branch="false"/>
							</lines>
						</method>
						<method name="build" signature="()Ljava/lang/Object;" line-rate="0.0" branch-rate="1.0">
							<lines>
								<line number="15" hits="0" branch="false"/>
							</lines>
						</method>
						<method name="build" signature="()Ljava/util/Map;" line-rate="1.0" branch-rate="1.0">
							<lines>
								<line number="34" hits="4" branch="false"/>
							</lines>
						</method>
					</methods>
					<lines>
						<line number="15" hits="0" branch="false"/>
						<line number="17" hits="4" branch="false"/>
						<line number="20" hits="4" branch="false"/>
						<line number="21" hits="4" branch="false"/>
						<line number="24" hits="12" branch="false"/>
						<line number="25" hits="12" branch="false"/>
						<line number="29" hits="12" branch="false"/>
						<line number="30" hits="12" branch="false"/>
						<line number="34" hits="4" branch="false"/>
					</lines>
				</class>
				<class name="org.greatage.ioc.Module" filename="org/greatage/ioc/Module.java" line-rate="1.0" branch-rate="1.0" complexity="1.0">
					<methods>
					</methods>
					<lines>
					</lines>
				</class>
				<class name="org.greatage.ioc.ModuleImpl" filename="org/greatage/ioc/ModuleImpl.java" line-rate="0.9487179487179487" branch-rate="1.0" complexity="3.8">
					<methods>
						<method name="&lt;init&gt;" signature="(Ljava/lang/Class;)V" line-rate="0.9130434782608695" branch-rate="1.0">
							<lines>
								<line number="19" hits="8" branch="false"/>
								<line number="20" hits="8" branch="false"/>
								<line number="21" hits="8" branch="false"/>
								<line number="22" hits="8" branch="false"/>
								<line number="25" hits="8" branch="false"/>
								<line number="26" hits="8" branch="false"/>
								<line number="27" hits="106" branch="true" condition-coverage="100% (2/2)">
									<conditions>
										<condition number="0" type="jump" coverage="100%"/>
									</conditions>
								</line>
								<line number="28" hits="98" branch="true" condition-coverage="100% (2/2)">
									<conditions>
										<condition number="0" type="jump" coverage="100%"/>
									</conditions>
								</line>
								<line number="29" hits="8" branch="false"/>
								<line number="30" hits="90" branch="true" condition-coverage="100% (2/2)">
									<conditions>
										<condition number="0" type="jump" coverage="100%"/>
									</conditions>
								</line>
								<line number="31" hits="9" branch="false"/>
								<line number="32" hits="81" branch="true" condition-coverage="100% (2/2)">
									<conditions>
										<condition number="0" type="jump" coverage="100%"/>
									</conditions>
								</line>
								<line number="33" hits="2" branch="false"/>
								<line number="34" hits="79" branch="true" condition-coverage="100% (2/2)">
									<conditions>
										<condition number="0" type="jump" coverage="100%"/>
									</conditions>
								</line>
								<line number="35" hits="2" branch="false"/>
								<line number="36" hits="77" branch="true" condition-coverage="100% (2/2)">
									<conditions>
										<condition number="0" type="jump" coverage="100%"/>
									</conditions>
								</line>
								<line number="37" hits="5" branch="false"/>
								<line number="39" hits="5" branch="false"/>
								<line number="40" hits="5" branch="false"/>
								<line number="41" hits="0" branch="false"/>
								<line number="42" hits="0" branch="false"/>
								<line number="43" hits="5" branch="false"/>
								<line number="46" hits="8" branch="false"/>
							</lines>
						</method>
						<method name="getContributors" signature="(Lorg/greatage/ioc/Service;)Ljava/util/List;" line-rate="1.0" branch-rate="1.0">
							<lines>
								<line number="53" hits="108" branch="false"/>
								<line number="54" hits="108" branch="true" condition-coverage="100% (2/2)">
									<conditions>
										<condition number="0" type="jump" coverage="100%"/>
									</conditions>
								</line>
								<line number="55" hits="121" branch="true" condition-coverage="100% (2/2)">
									<conditions>
										<condition number="0" type="jump" coverage="100%"/>
									</conditions>
								</line>
								<line number="57" hits="9" branch="false"/>
								<line number="60" hits="108" branch="false"/>
							</lines>
						</method>
						<method name="getDecorators" signature="(Lorg/greatage/ioc/Service;)Ljava/util/List;" line-rate="1.0" branch-rate="1.0">
							<lines>
								<line number="64" hits="108" branch="false"/>
								<line number="65" hits="108" branch="true" condition-coverage="100% (2/2)">
									<conditions>
										<condition number="0" type="jump" coverage="100%"/>
									</conditions>
								</line>
								<line number="66" hits="26" branch="true" condition-coverage="100% (2/2)">
									<conditions>
										<condition number="0" type="jump" coverage="100%"/>
									</conditions>
								</line>
								<line number="68" hits="2" branch="false"/>
								<line number="71" hits="108" branch="false"/>
							</lines>
						</method>
						<method name="getInterceptors" signature="(Lorg/greatage/ioc/Service;)Ljava/util/List;" line-rate="1.0" branch-rate="1.0">
							<lines>
								<line number="75" hits="108" branch="false"/>
								<line number="76" hits="108" branch="true" condition-coverage="100% (2/2)">
									<conditions>
										<condition number="0" type="jump" coverage="100%"/>
									</conditions>
								</line>
								<line number="77" hits="28" branch="true" condition-coverage="100% (2/2)">
									<conditions>
										<condition number="0" type="jump" coverage="100%"/>
									</conditions>
								</line>
								<line number="79" hits="4" branch="false"/>
								<line number="82" hits="108" branch="false"/>
							</lines>
						</method>
						<method name="getServices" signature="()Ljava/util/Collection;" line-rate="1.0" branch-rate="1.0">
							<lines>
								<line number="49" hits="8" branch="false"/>
							</lines>
						</method>
					</methods>
					<lines>
						<line number="19" hits="8" branch="false"/>
						<line number="20" hits="8" branch="false"/>
						<line number="21" hits="8" branch="false"/>
						<line number="22" hits="8" branch="false"/>
						<line number="25" hits="8" branch="false"/>
						<line number="26" hits="8" branch="false"/>
						<line number="27" hits="106" branch="true" condition-coverage="100% (2/2)">
							<conditions>
								<condition number="0" type="jump" coverage="100%"/>
							</conditions>
						</line>
						<line number="28" hits="98" branch="true" condition-coverage="100% (2/2)">
							<conditions>
								<condition number="0" type="jump" coverage="100%"/>
							</conditions>
						</line>
						<line number="29" hits="8" branch="false"/>
						<line number="30" hits="90" branch="true" condition-coverage="100% (2/2)">
							<conditions>
								<condition number="0" type="jump" coverage="100%"/>
							</conditions>
						</line>
						<line number="31" hits="9" branch="false"/>
						<line number="32" hits="81" branch="true" condition-coverage="100% (2/2)">
							<conditions>
								<condition number="0" type="jump" coverage="100%"/>
							</conditions>
						</line>
						<line number="33" hits="2" branch="false"/>
						<line number="34" hits="79" branch="true" condition-coverage="100% (2/2)">
							<conditions>
								<condition number="0" type="jump" coverage="100%"/>
							</conditions>
						</line>
						<line number="35" hits="2" branch="false"/>
						<line number="36" hits="77" branch="true" condition-coverage="100% (2/2)">
							<conditions>
								<condition number="0" type="jump" coverage="100%"/>
							</conditions>
						</line>
						<line number="37" hits="5" branch="false"/>
						<line number="39" hits="5" branch="false"/>
						<line number="40" hits="5" branch="false"/>
						<line number="41" hits="0" branch="false"/>
						<line number="42" hits="0" branch="false"/>
						<line number="43" hits="5" branch="false"/>
						<line number="46" hits="8" branch="false"/>
						<line number="49" hits="8" branch="false"/>
						<line number="53" hits="108" branch="false"/>
						<line number="54" hits="108" branch="true" condition-coverage="100% (2/2)">
							<conditions>
								<condition number="0" type="jump" coverage="100%"/>
							</conditions>
						</line>
						<line number="55" hits="121" branch="true" condition-coverage="100% (2/2)">
							<conditions>
								<condition number="0" type="jump" coverage="100%"/>
							</conditions>
						</line>
						<line number="57" hits="9" branch="false"/>
						<line number="60" hits="108" branch="false"/>
						<line number="64" hits="108" branch="false"/>
						<line number="65" hits="108" branch="true" condition-coverage="100% (2/2)">
							<conditions>
								<condition number="0" type="jump" coverage="100%"/>
							</conditions>
						</line>
						<line number="66" hits="26" branch="true" condition-coverage="100% (2/2)">
							<conditions>
								<condition number="0" type="jump" coverage="100%"/>
							</conditions>
						</line>
						<line number="68" hits="2" branch="false"/>
						<line number="71" hits="108" branch="false"/>
						<line number="75" hits="108" branch="false"/>
						<line number="76" hits="108" branch="true" condition-coverage="100% (2/2)">
							<conditions>
								<condition number="0" type="jump" coverage="100%"/>
							</conditions>
						</line>
						<line number="77" hits="28" branch="true" condition-coverage="100% (2/2)">
							<conditions>
								<condition number="0" type="jump" coverage="100%"/>
							</conditions>
						</line>
						<line number="79" hits="4" branch="false"/>
						<line number="82" hits="108" branch="false"/>
					</lines>
				</class>
				<class name="org.greatage.ioc.OrderedConfiguration" filename="org/greatage/ioc/OrderedConfiguration.java" line-rate="1.0" branch-rate="1.0" complexity="1.0">
					<methods>
					</methods>
					<lines>
					</lines>
				</class>
				<class name="org.greatage.ioc.OrderedConfigurationImpl" filename="org/greatage/ioc/OrderedConfigurationImpl.java" line-rate="0.7692307692307693" branch-rate="1.0" complexity="1.125">
					<methods>
						<method name="&lt;init&gt;" signature="(Lorg/greatage/ioc/ServiceResources;)V" line-rate="1.0" branch-rate="1.0">
							<lines>
								<line number="19" hits="1" branch="false"/>
								<line number="22" hits="1" branch="false"/>
								<line number="23" hits="1" branch="false"/>
							</lines>
						</method>
						<method name="add" signature="(Ljava/lang/Object;Ljava/lang/String;[Ljava/lang/String;)Lorg/greatage/ioc/OrderedConfiguration;" line-rate="1.0" branch-rate="1.0">
							<lines>
								<line number="26" hits="3" branch="false"/>
								<line number="27" hits="3" branch="false"/>
							</lines>
						</method>
						<method name="addInstance" signature="(Ljava/lang/Class;Ljava/lang/String;[Ljava/lang/String;)Lorg/greatage/ioc/OrderedConfiguration;" line-rate="0.0" branch-rate="1.0">
							<lines>
								<line number="31" hits="0" branch="false"/>
								<line number="32" hits="0" branch="false"/>
							</lines>
						</method>
						<method name="build" signature="()Ljava/lang/Object;" line-rate="0.0" branch-rate="1.0">
							<lines>
								<line number="18" hits="0" branch="false"/>
							</lines>
						</method>
						<method name="build" signature="()Ljava/util/List;" line-rate="1.0" branch-rate="1.0">
							<lines>
								<line number="36" hits="1" branch="false"/>
								<line number="38" hits="1" branch="false"/>
								<line number="39" hits="1" branch="true" condition-coverage="100% (2/2)">
									<conditions>
										<condition number="0" type="jump" coverage="100%"/>
									</conditions>
								</line>
								<line number="40" hits="3" branch="false"/>
								<line number="42" hits="1" branch="false"/>
							</lines>
						</method>
					</methods>
					<lines>
						<line number="18" hits="0" branch="false"/>
						<line number="19" hits="1" branch="false"/>
						<line number="22" hits="1" branch="false"/>
						<line number="23" hits="1" branch="false"/>
						<line number="26" hits="3" branch="false"/>
						<line number="27" hits="3" branch="false"/>
						<line number="31" hits="0" branch="false"/>
						<line number="32" hits="0" branch="false"/>
						<line number="36" hits="1" branch="false"/>
						<line number="38" hits="1" branch="false"/>
						<line number="39" hits="1" branch="true" condition-coverage="100% (2/2)">
							<conditions>
								<condition number="0" type="jump" coverage="100%"/>
							</conditions>
						</line>
						<line number="40" hits="3" branch="false"/>
						<line number="42" hits="1" branch="false"/>
					</lines>
				</class>
				<class name="org.greatage.ioc.OrderedConfigurationImpl$OrderedItem" filename="org/greatage/ioc/OrderedConfigurationImpl.java" line-rate="1.0" branch-rate="1.0" complexity="1.125">
					<methods>
						<method name="&lt;init&gt;" signature="(Lorg/greatage/ioc/OrderedConfigurationImpl;Ljava/lang/Object;Ljava/lang/String;[Ljava/lang/String;)V" line-rate="1.0" branch-rate="1.0">
							<lines>
								<line number="50" hits="3" branch="false"/>
								<line number="51" hits="3" branch="false"/>
								<line number="52" hits="3" branch="false"/>
								<line number="53" hits="3" branch="false"/>
								<line number="54" hits="3" branch="false"/>
							</lines>
						</method>
						<method name="getItem" signature="()Ljava/lang/Object;" line-rate="1.0" branch-rate="1.0">
							<lines>
								<line number="57" hits="3" branch="false"/>
							</lines>
						</method>
						<method name="getOrderConstraints" signature="()Ljava/util/List;" line-rate="1.0" branch-rate="1.0">
							<lines>
								<line number="65" hits="3" branch="false"/>
							</lines>
						</method>
						<method name="getOrderId" signature="()Ljava/lang/String;" line-rate="1.0" branch-rate="1.0">
							<lines>
								<line number="61" hits="9" branch="false"/>
							</lines>
						</method>
					</methods>
					<lines>
						<line number="50" hits="3" branch="false"/>
						<line number="51" hits="3" branch="false"/>
						<line number="52" hits="3" branch="false"/>
						<line number="53" hits="3" branch="false"/>
						<line number="54" hits="3" branch="false"/>
						<line number="57" hits="3" branch="false"/>
						<line number="61" hits="9" branch="false"/>
						<line number="65" hits="3" branch="false"/>
					</lines>
				</class>
				<class name="org.greatage.ioc.ScopeConstants" filename="org/greatage/ioc/ScopeConstants.java" line-rate="0.0" branch-rate="1.0" complexity="0.0">
					<methods>
						<method name="&lt;init&gt;" signature="()V" line-rate="0.0" branch-rate="1.0">
							<lines>
								<line number="11" hits="0" branch="false"/>
							</lines>
						</method>
					</methods>
					<lines>
						<line number="11" hits="0" branch="false"/>
					</lines>
				</class>
				<class name="org.greatage.ioc.ScopedBuilder" filename="org/greatage/ioc/ScopedBuilder.java" line-rate="0.9166666666666666" branch-rate="0.75" complexity="1.75">
					<methods>
						<method name="&lt;init&gt;" signature="(Lorg/greatage/ioc/ServiceResources;Lorg/greatage/ioc/proxy/ObjectBuilder;)V" line-rate="1.0" branch-rate="1.0">
							<lines>
								<line number="21" hits="42" branch="false"/>
								<line number="22" hits="42" branch="false"/>
								<line number="23" hits="42" branch="false"/>
								<line number="24" hits="42" branch="false"/>
							</lines>
						</method>
						<method name="build" signature="()Ljava/lang/Object;" line-rate="1.0" branch-rate="1.0">
							<lines>
								<line number="31" hits="135" branch="false"/>
							</lines>
						</method>
						<method name="getObjectClass" signature="()Ljava/lang/Class;" line-rate="1.0" branch-rate="1.0">
							<lines>
								<line number="27" hits="28" branch="false"/>
							</lines>
						</method>
						<method name="getScope" signature="()Lorg/greatage/ioc/scope/Scope;" line-rate="0.8333333333333334" branch-rate="0.75">
							<lines>
								<line number="35" hits="135" branch="true" condition-coverage="100% (2/2)">
									<conditions>
										<condition number="0" type="jump" coverage="100%"/>
									</conditions>
								</line>
								<line number="36" hits="14" branch="false"/>
								<line number="37" hits="14" branch="false"/>
								<line number="38" hits="14" branch="true" condition-coverage="50% (1/2)">
									<conditions>
										<condition number="0" type="jump" coverage="50%"/>
									</conditions>
								</line>
								<line number="39" hits="0" branch="false"/>
								<line number="42" hits="135" branch="false"/>
							</lines>
						</method>
					</methods>
					<lines>
						<line number="21" hits="42" branch="false"/>
						<line number="22" hits="42" branch="false"/>
						<line number="23" hits="42" branch="false"/>
						<line number="24" hits="42" branch="false"/>
						<line number="27" hits="28" branch="false"/>
						<line number="31" hits="135" branch="false"/>
						<line number="35" hits="135" branch="true" condition-coverage="100% (2/2)">
							<conditions>
								<condition number="0" type="jump" coverage="100%"/>
							</conditions>
						</line>
						<line number="36" hits="14" branch="false"/>
						<line number="37" hits="14" branch="false"/>
						<line number="38" hits="14" branch="true" condition-coverage="50% (1/2)">
							<conditions>
								<condition number="0" type="jump" coverage="50%"/>
							</conditions>
						</line>
						<line number="39" hits="0" branch="false"/>
						<line number="42" hits="135" branch="false"/>
					</lines>
				</class>
				<class name="org.greatage.ioc.ScopedService" filename="org/greatage/ioc/ScopedService.java" line-rate="0.8461538461538461" branch-rate="1.0" complexity="1.2857142857142858">
					<methods>
						<method name="&lt;init&gt;" signature="(Lorg/greatage/ioc/ServiceLocator;Lorg/greatage/ioc/Service;Ljava/util/List;Ljava/util/List;Ljava/util/List;)V" line-rate="1.0" branch-rate="1.0">
							<lines>
								<line number="26" hits="42" branch="false"/>
								<line number="34" hits="42" branch="false"/>
								<line number="35" hits="42" branch="false"/>
								<line number="36" hits="42" branch="false"/>
								<line number="37" hits="42" branch="false"/>
								<line number="38" hits="42" branch="false"/>
								<line number="39" hits="42" branch="false"/>
							</lines>
						</method>
						<method name="createAdvices" signature="()Ljava/util/List;" line-rate="1.0" branch-rate="1.0">
							<lines>
								<line number="63" hits="14" branch="false"/>
								<line number="64" hits="14" branch="false"/>
								<line number="65" hits="14" branch="true" condition-coverage="100% (2/2)">
									<conditions>
										<condition number="0" type="jump" coverage="100%"/>
									</conditions>
								</line>
								<line number="66" hits="4" branch="false"/>
								<line number="67" hits="4" branch="false"/>
								<line number="68" hits="4" branch="false"/>
								<line number="69" hits="14" branch="false"/>
							</lines>
						</method>
						<method name="getService" signature="()Ljava/lang/Object;" line-rate="1.0" branch-rate="1.0">
							<lines>
								<line number="54" hits="26" branch="true" condition-coverage="100% (2/2)">
									<conditions>
										<condition number="0" type="jump" coverage="100%"/>
									</conditions>
								</line>
								<line number="55" hits="14" branch="false"/>
								<line number="56" hits="14" branch="false"/>
								<line number="57" hits="14" branch="false"/>
								<line number="59" hits="26" branch="false"/>
							</lines>
						</method>
						<method name="getServiceClass" signature="()Ljava/lang/Class;" line-rate="1.0" branch-rate="1.0">
							<lines>
								<line number="46" hits="959" branch="false"/>
							</lines>
						</method>
						<method name="getServiceId" signature="()Ljava/lang/String;" line-rate="1.0" branch-rate="1.0">
							<lines>
								<line number="42" hits="42" branch="false"/>
							</lines>
						</method>
						<method name="getServiceScope" signature="()Ljava/lang/String;" line-rate="1.0" branch-rate="1.0">
							<lines>
								<line number="50" hits="42" branch="false"/>
							</lines>
						</method>
						<method name="toString" signature="()Ljava/lang/String;" line-rate="0.0" branch-rate="1.0">
							<lines>
								<line number="74" hits="0" branch="false"/>
								<line number="75" hits="0" branch="false"/>
								<line number="76" hits="0" branch="false"/>
								<line number="77" hits="0" branch="false"/>
							</lines>
						</method>
					</methods>
					<lines>
						<line number="26" hits="42" branch="false"/>
						<line number="34" hits="42" branch="false"/>
						<line number="35" hits="42" branch="false"/>
						<line number="36" hits="42" branch="false"/>
						<line number="37" hits="42" branch="false"/>
						<line number="38" hits="42" branch="false"/>
						<line number="39" hits="42" branch="false"/>
						<line number="42" hits="42" branch="false"/>
						<line number="46" hits="959" branch="false"/>
						<line number="50" hits="42" branch="false"/>
						<line number="54" hits="26" branch="true" condition-coverage="100% (2/2)">
							<conditions>
								<condition number="0" type="jump" coverage="100%"/>
							</conditions>
						</line>
						<line number="55" hits="14" branch="false"/>
						<line number="56" hits="14" branch="false"/>
						<line number="57" hits="14" branch="false"/>
						<line number="59" hits="26" branch="false"/>
						<line number="63" hits="14" branch="false"/>
						<line number="64" hits="14" branch="false"/>
						<line number="65" hits="14" branch="true" condition-coverage="100% (2/2)">
							<conditions>
								<condition number="0" type="jump" coverage="100%"/>
							</conditions>
						</line>
						<line number="66" hits="4" branch="false"/>
						<line number="67" hits="4" branch="false"/>
						<line number="68" hits="4" branch="false"/>
						<line number="69" hits="14" branch="false"/>
						<line number="74" hits="0" branch="false"/>
						<line number="75" hits="0" branch="false"/>
						<line number="76" hits="0" branch="false"/>
						<line number="77" hits="0" branch="false"/>
					</lines>
				</class>
				<class name="org.greatage.ioc.Service" filename="org/greatage/ioc/Service.java" line-rate="1.0" branch-rate="1.0" complexity="1.0">
					<methods>
					</methods>
					<lines>
					</lines>
				</class>
				<class name="org.greatage.ioc.ServiceAdditionalResources" filename="org/greatage/ioc/ServiceAdditionalResources.java" line-rate="0.8888888888888888" branch-rate="1.0" complexity="1.1428571428571428">
					<methods>
						<method name="&lt;init&gt;" signature="(Lorg/greatage/ioc/ServiceResources;)V" line-rate="1.0" branch-rate="1.0">
							<lines>
								<line number="16" hits="33" branch="false"/>
								<line number="17" hits="33" branch="false"/>
								<line number="18" hits="33" branch="false"/>
							</lines>
						</method>
						<method name="getDelegate" signature="()Lorg/greatage/ioc/ServiceResources;" line-rate="1.0" branch-rate="1.0">
							<lines>
								<line number="21" hits="10" branch="false"/>
							</lines>
						</method>
						<method name="getResource" signature="(Ljava/lang/Class;[Ljava/lang/annotation/Annotation;)Ljava/lang/Object;" line-rate="1.0" branch-rate="1.0">
							<lines>
								<line number="37" hits="61" branch="false"/>
								<line number="38" hits="61" branch="true" condition-coverage="100% (2/2)">
									<conditions>
										<condition number="0" type="jump" coverage="100%"/>
									</conditions>
								</line>
							</lines>
						</method>
						<method name="getServiceClass" signature="()Ljava/lang/Class;" line-rate="1.0" branch-rate="1.0">
							<lines>
								<line number="29" hits="9" branch="false"/>
							</lines>
						</method>
						<method name="getServiceId" signature="()Ljava/lang/String;" line-rate="1.0" branch-rate="1.0">
							<lines>
								<line number="25" hits="7" branch="false"/>
							</lines>
						</method>
						<method name="getServiceScope" signature="()Ljava/lang/String;" line-rate="0.0" branch-rate="1.0">
							<lines>
								<line number="33" hits="0" branch="false"/>
							</lines>
						</method>
					</methods>
					<lines>
						<line number="16" hits="33" branch="false"/>
						<line number="17" hits="33" branch="false"/>
						<line number="18" hits="33" branch="false"/>
						<line number="21" hits="10" branch="false"/>
						<line number="25" hits="7" branch="false"/>
						<line number="29" hits="9" branch="false"/>
						<line number="33" hits="0" branch="false"/>
						<line number="37" hits="61" branch="false"/>
						<line number="38" hits="61" branch="true" condition-coverage="100% (2/2)">
							<conditions>
								<condition number="0" type="jump" coverage="100%"/>
							</conditions>
						</line>
					</lines>
				</class>
				<class name="org.greatage.ioc.ServiceBinder" filename="org/greatage/ioc/ServiceBinder.java" line-rate="1.0" branch-rate="1.0" complexity="1.0">
					<methods>
					</methods>
					<lines>
					</lines>
				</class>
				<class name="org.greatage.ioc.ServiceBinderImpl" filename="org/greatage/ioc/ServiceBinderImpl.java" line-rate="1.0" branch-rate="1.0" complexity="1.25">
					<methods>
						<method name="&lt;init&gt;" signature="()V" line-rate="1.0" branch-rate="1.0">
							<lines>
								<line number="16" hits="5" branch="false"/>
								<line number="18" hits="5" branch="false"/>
								<line number="19" hits="5" branch="false"/>
							</lines>
						</method>
						<method name="bind" signature="(Ljava/lang/Class;)Lorg/greatage/ioc/ServiceBindingOptions;" line-rate="1.0" branch-rate="1.0">
							<lines>
								<line number="22" hits="1" branch="false"/>
							</lines>
						</method>
						<method name="bind" signature="(Ljava/lang/Class;Ljava/lang/Class;)Lorg/greatage/ioc/ServiceBindingOptions;" line-rate="1.0" branch-rate="1.0">
							<lines>
								<line number="26" hits="38" branch="false"/>
								<line number="27" hits="38" branch="false"/>
								<line number="28" hits="38" branch="false"/>
							</lines>
						</method>
						<method name="getServices" signature="()Ljava/util/List;" line-rate="1.0" branch-rate="1.0">
							<lines>
								<line number="32" hits="5" branch="false"/>
								<line number="33" hits="5" branch="true" condition-coverage="100% (2/2)">
									<conditions>
										<condition number="0" type="jump" coverage="100%"/>
									</conditions>
								</line>
								<line number="34" hits="38" branch="false"/>
								<line number="36" hits="5" branch="false"/>
							</lines>
						</method>
					</methods>
					<lines>
						<line number="16" hits="5" branch="false"/>
						<line number="18" hits="5" branch="false"/>
						<line number="19" hits="5" branch="false"/>
						<line number="22" hits="1" branch="false"/>
						<line number="26" hits="38" branch="false"/>
						<line number="27" hits="38" branch="false"/>
						<line number="28" hits="38" branch="false"/>
						<line number="32" hits="5" branch="false"/>
						<line number="33" hits="5" branch="true" condition-coverage="100% (2/2)">
							<conditions>
								<condition number="0" type="jump" coverage="100%"/>
							</conditions>
						</line>
						<line number="34" hits="38" branch="false"/>
						<line number="36" hits="5" branch="false"/>
					</lines>
				</class>
				<class name="org.greatage.ioc.ServiceBindingOptions" filename="org/greatage/ioc/ServiceBindingOptions.java" line-rate="1.0" branch-rate="1.0" complexity="1.0">
					<methods>
					</methods>
					<lines>
					</lines>
				</class>
				<class name="org.greatage.ioc.ServiceBindingOptionsImpl" filename="org/greatage/ioc/ServiceBindingOptionsImpl.java" line-rate="0.7142857142857143" branch-rate="1.0" complexity="1.0">
					<methods>
						<method name="&lt;init&gt;" signature="(Ljava/lang/Class;Ljava/lang/Class;)V" line-rate="1.0" branch-rate="1.0">
							<lines>
								<line number="19" hits="38" branch="false"/>
								<line number="20" hits="38" branch="false"/>
								<line number="21" hits="38" branch="false"/>
								<line number="22" hits="38" branch="false"/>
								<line number="23" hits="38" branch="false"/>
								<line number="24" hits="38" branch="false"/>
								<line number="25" hits="38" branch="false"/>
							</lines>
						</method>
						<method name="createService" signature="()Lorg/greatage/ioc/Service;" line-rate="1.0" branch-rate="1.0">
							<lines>
								<line number="43" hits="38" branch="false"/>
							</lines>
						</method>
						<method name="override" signature="()Lorg/greatage/ioc/ServiceBindingOptions;" line-rate="0.0" branch-rate="1.0">
							<lines>
								<line number="38" hits="0" branch="false"/>
								<line number="39" hits="0" branch="false"/>
							</lines>
						</method>
						<method name="withId" signature="(Ljava/lang/String;)Lorg/greatage/ioc/ServiceBindingOptions;" line-rate="1.0" branch-rate="1.0">
							<lines>
								<line number="28" hits="14" branch="false"/>
								<line number="29" hits="14" branch="false"/>
							</lines>
						</method>
						<method name="withScope" signature="(Ljava/lang/String;)Lorg/greatage/ioc/ServiceBindingOptions;" line-rate="0.0" branch-rate="1.0">
							<lines>
								<line number="33" hits="0" branch="false"/>
								<line number="34" hits="0" branch="false"/>
							</lines>
						</method>
					</methods>
					<lines>
						<line number="19" hits="38" branch="false"/>
						<line number="20" hits="38" branch="false"/>
						<line number="21" hits="38" branch="false"/>
						<line number="22" hits="38" branch="false"/>
						<line number="23" hits="38" branch="false"/>
						<line number="24" hits="38" branch="false"/>
						<line number="25" hits="38" branch="false"/>
						<line number="28" hits="14" branch="false"/>
						<line number="29" hits="14" branch="false"/>
						<line number="33" hits="0" branch="false"/>
						<line number="34" hits="0" branch="false"/>
						<line number="38" hits="0" branch="false"/>
						<line number="39" hits="0" branch="false"/>
						<line number="43" hits="38" branch="false"/>
					</lines>
				</class>
				<class name="org.greatage.ioc.ServiceBuildResources" filename="org/greatage/ioc/ServiceBuildResources.java" line-rate="0.8148148148148148" branch-rate="0.875" complexity="2.1666666666666665">
					<methods>
						<method name="&lt;init&gt;" signature="(Lorg/greatage/ioc/ServiceResources;Ljava/util/List;)V" line-rate="1.0" branch-rate="1.0">
							<lines>
								<line number="19" hits="26" branch="false"/>
								<line number="22" hits="26" branch="false"/>
								<line number="23" hits="26" branch="false"/>
								<line number="24" hits="26" branch="false"/>
							</lines>
						</method>
						<method name="configure" signature="(Ljava/lang/Object;)V" line-rate="1.0" branch-rate="1.0">
							<lines>
								<line number="62" hits="5" branch="false"/>
								<line number="63" hits="5" branch="true" condition-coverage="100% (2/2)">
									<conditions>
										<condition number="0" type="jump" coverage="100%"/>
									</conditions>
								</line>
								<line number="64" hits="5" branch="false"/>
								<line number="66" hits="5" branch="false"/>
							</lines>
						</method>
						<method name="getAdditionalResource" signature="(Ljava/lang/Class;)Ljava/lang/Object;" line-rate="0.8" branch-rate="0.8333333333333334">
							<lines>
								<line number="28" hits="44" branch="true" condition-coverage="100% (2/2)">
									<conditions>
										<condition number="0" type="jump" coverage="100%"/>
									</conditions>
								</line>
								<line number="29" hits="4" branch="false"/>
								<line number="30" hits="4" branch="false"/>
								<line number="32" hits="40" branch="true" condition-coverage="100% (2/2)">
									<conditions>
										<condition number="0" type="jump" coverage="100%"/>
									</conditions>
								</line>
								<line number="33" hits="1" branch="false"/>
								<line number="34" hits="1" branch="false"/>
								<line number="36" hits="39" branch="true" condition-coverage="50% (1/2)">
									<conditions>
										<condition number="0" type="jump" coverage="50%"/>
									</conditions>
								</line>
								<line number="37" hits="0" branch="false"/>
								<line number="38" hits="0" branch="false"/>
								<line number="40" hits="39" branch="false"/>
							</lines>
						</method>
						<method name="getConfiguration" signature="()Ljava/util/Collection;" line-rate="0.0" branch-rate="1.0">
							<lines>
								<line number="56" hits="0" branch="false"/>
								<line number="57" hits="0" branch="false"/>
								<line number="58" hits="0" branch="false"/>
							</lines>
						</method>
						<method name="getMappedConfiguration" signature="()Ljava/util/Map;" line-rate="1.0" branch-rate="1.0">
							<lines>
								<line number="44" hits="4" branch="false"/>
								<line number="45" hits="4" branch="false"/>
								<line number="46" hits="4" branch="false"/>
							</lines>
						</method>
						<method name="getOrderedConfiguration" signature="()Ljava/util/List;" line-rate="1.0" branch-rate="1.0">
							<lines>
								<line number="50" hits="1" branch="false"/>
								<line number="51" hits="1" branch="false"/>
								<line number="52" hits="1" branch="false"/>
							</lines>
						</method>
					</methods>
					<lines>
						<line number="19" hits="26" branch="false"/>
						<line number="22" hits="26" branch="false"/>
						<line number="23" hits="26" branch="false"/>
						<line number="24" hits="26" branch="false"/>
						<line number="28" hits="44" branch="true" condition-coverage="100% (2/2)">
							<conditions>
								<condition number="0" type="jump" coverage="100%"/>
							</conditions>
						</line>
						<line number="29" hits="4" branch="false"/>
						<line number="30" hits="4" branch="false"/>
						<line number="32" hits="40" branch="true" condition-coverage="100% (2/2)">
							<conditions>
								<condition number="0" type="jump" coverage="100%"/>
							</conditions>
						</line>
						<line number="33" hits="1" branch="false"/>
						<line number="34" hits="1" branch="false"/>
						<line number="36" hits="39" branch="true" condition-coverage="50% (1/2)">
							<conditions>
								<condition number="0" type="jump" coverage="50%"/>
							</conditions>
						</line>
						<line number="37" hits="0" branch="false"/>
						<line number="38" hits="0" branch="false"/>
						<line number="40" hits="39" branch="false"/>
						<line number="44" hits="4" branch="false"/>
						<line number="45" hits="4" branch="false"/>
						<line number="46" hits="4" branch="false"/>
						<line number="50" hits="1" branch="false"/>
						<line number="51" hits="1" branch="false"/>
						<line number="52" hits="1" branch="false"/>
						<line number="56" hits="0" branch="false"/>
						<line number="57" hits="0" branch="false"/>
						<line number="58" hits="0" branch="false"/>
						<line number="62" hits="5" branch="false"/>
						<line number="63" hits="5" branch="true" condition-coverage="100% (2/2)">
							<conditions>
								<condition number="0" type="jump" coverage="100%"/>
							</conditions>
						</line>
						<line number="64" hits="5" branch="false"/>
						<line number="66" hits="5" branch="false"/>
					</lines>
				</class>
				<class name="org.greatage.ioc.ServiceBuilder" filename="org/greatage/ioc/ServiceBuilder.java" line-rate="0.9473684210526315" branch-rate="0.6666666666666666" complexity="2.0">
					<methods>
						<method name="&lt;init&gt;" signature="(Lorg/greatage/ioc/ServiceResources;Lorg/greatage/ioc/Service;Ljava/util/List;Ljava/util/List;)V" line-rate="1.0" branch-rate="1.0">
							<lines>
								<line number="24" hits="54" branch="false"/>
								<line number="25" hits="54" branch="false"/>
								<line number="26" hits="54" branch="false"/>
								<line number="27" hits="54" branch="false"/>
								<line number="28" hits="54" branch="false"/>
								<line number="29" hits="54" branch="false"/>
							</lines>
						</method>
						<method name="build" signature="()Ljava/lang/Object;" line-rate="1.0" branch-rate="1.0">
							<lines>
								<line number="36" hits="26" branch="false"/>
								<line number="37" hits="26" branch="false"/>
								<line number="38" hits="26" branch="false"/>
							</lines>
						</method>
						<method name="decorateService" signature="(Ljava/lang/Object;)Ljava/lang/Object;" line-rate="0.8888888888888888" branch-rate="0.6666666666666666">
							<lines>
								<line number="42" hits="26" branch="false"/>
								<line number="43" hits="26" branch="false"/>
								<line number="44" hits="26" branch="true" condition-coverage="100% (2/2)">
									<conditions>
										<condition number="0" type="jump" coverage="100%"/>
									</conditions>
								</line>
								<line number="45" hits="2" branch="false"/>
								<line number="46" hits="2" branch="false"/>
								<line number="47" hits="2" branch="true" condition-coverage="50% (2/4)">
									<conditions>
										<condition number="0" type="jump" coverage="50%"/>
										<condition number="1" type="jump" coverage="50%"/>
									</conditions>
								</line>
								<line number="48" hits="0" branch="false"/>
								<line number="50" hits="2" branch="false"/>
								<line number="51" hits="26" branch="false"/>
							</lines>
						</method>
						<method name="getObjectClass" signature="()Ljava/lang/Class;" line-rate="1.0" branch-rate="1.0">
							<lines>
								<line number="32" hits="28" branch="false"/>
							</lines>
						</method>
					</methods>
					<lines>
						<line number="24" hits="54" branch="false"/>
						<line number="25" hits="54" branch="false"/>
						<line number="26" hits="54" branch="false"/>
						<line number="27" hits="54" branch="false"/>
						<line number="28" hits="54" branch="false"/>
						<line number="29" hits="54" branch="false"/>
						<line number="32" hits="28" branch="false"/>
						<line number="36" hits="26" branch="false"/>
						<line number="37" hits="26" branch="false"/>
						<line number="38" hits="26" branch="false"/>
						<line number="42" hits="26" branch="false"/>
						<line number="43" hits="26" branch="false"/>
						<line number="44" hits="26" branch="true" condition-coverage="100% (2/2)">
							<conditions>
								<condition number="0" type="jump" coverage="100%"/>
							</conditions>
						</line>
						<line number="45" hits="2" branch="false"/>
						<line number="46" hits="2" branch="false"/>
						<line number="47" hits="2" branch="true" condition-coverage="50% (2/4)">
							<conditions>
								<condition number="0" type="jump" coverage="50%"/>
								<condition number="1" type="jump" coverage="50%"/>
							</conditions>
						</line>
						<line number="48" hits="0" branch="false"/>
						<line number="50" hits="2" branch="false"/>
						<line number="51" hits="26" branch="false"/>
					</lines>
				</class>
				<class name="org.greatage.ioc.ServiceConfigureResources" filename="org/greatage/ioc/ServiceConfigureResources.java" line-rate="1.0" branch-rate="1.0" complexity="2.0">
					<methods>
						<method name="&lt;init&gt;" signature="(Lorg/greatage/ioc/ServiceResources;Ljava/lang/Object;)V" line-rate="1.0" branch-rate="1.0">
							<lines>
								<line number="15" hits="5" branch="false"/>
								<line number="16" hits="5" branch="false"/>
								<line number="17" hits="5" branch="false"/>
							</lines>
						</method>
						<method name="getAdditionalResource" signature="(Ljava/lang/Class;)Ljava/lang/Object;" line-rate="1.0" branch-rate="1.0">
							<lines>
								<line number="21" hits="11" branch="true" condition-coverage="100% (2/2)">
									<conditions>
										<condition number="0" type="jump" coverage="100%"/>
									</conditions>
								</line>
								<line number="22" hits="5" branch="false"/>
								<line number="24" hits="6" branch="false"/>
							</lines>
						</method>
					</methods>
					<lines>
						<line number="15" hits="5" branch="false"/>
						<line number="16" hits="5" branch="false"/>
						<line number="17" hits="5" branch="false"/>
						<line number="21" hits="11" branch="true" condition-coverage="100% (2/2)">
							<conditions>
								<condition number="0" type="jump" coverage="100%"/>
							</conditions>
						</line>
						<line number="22" hits="5" branch="false"/>
						<line number="24" hits="6" branch="false"/>
					</lines>
				</class>
				<class name="org.greatage.ioc.ServiceDecorateResources" filename="org/greatage/ioc/ServiceDecorateResources.java" line-rate="1.0" branch-rate="1.0" complexity="1.6666666666666667">
					<methods>
						<method name="&lt;init&gt;" signature="(Lorg/greatage/ioc/ServiceResources;Ljava/lang/Object;)V" line-rate="1.0" branch-rate="1.0">
							<lines>
								<line number="15" hits="2" branch="false"/>
								<line number="16" hits="2" branch="false"/>
								<line number="17" hits="2" branch="false"/>
							</lines>
						</method>
						<method name="getAdditionalResource" signature="(Ljava/lang/Class;)Ljava/lang/Object;" line-rate="1.0" branch-rate="1.0">
							<lines>
								<line number="25" hits="6" branch="true" condition-coverage="100% (2/2)">
									<conditions>
										<condition number="0" type="jump" coverage="100%"/>
									</conditions>
								</line>
								<line number="26" hits="2" branch="false"/>
								<line number="28" hits="4" branch="false"/>
							</lines>
						</method>
						<method name="getServiceInstance" signature="()Ljava/lang/Object;" line-rate="1.0" branch-rate="1.0">
							<lines>
								<line number="20" hits="2" branch="false"/>
							</lines>
						</method>
					</methods>
					<lines>
						<line number="15" hits="2" branch="false"/>
						<line number="16" hits="2" branch="false"/>
						<line number="17" hits="2" branch="false"/>
						<line number="20" hits="2" branch="false"/>
						<line number="25" hits="6" branch="true" condition-coverage="100% (2/2)">
							<conditions>
								<condition number="0" type="jump" coverage="100%"/>
							</conditions>
						</line>
						<line number="26" hits="2" branch="false"/>
						<line number="28" hits="4" branch="false"/>
					</lines>
				</class>
				<class name="org.greatage.ioc.ServiceFactory" filename="org/greatage/ioc/ServiceFactory.java" line-rate="0.85" branch-rate="0.75" complexity="1.8333333333333333">
					<methods>
						<method name="&lt;init&gt;" signature="(Ljava/lang/Class;Ljava/lang/reflect/Method;)V" line-rate="1.0" branch-rate="1.0">
							<lines>
								<line number="27" hits="8" branch="false"/>
								<line number="28" hits="8" branch="false"/>
								<line number="29" hits="8" branch="false"/>
								<line number="32" hits="8" branch="false"/>
								<line number="34" hits="8" branch="false"/>
								<line number="35" hits="8" branch="true" condition-coverage="100% (2/2)">
									<conditions>
										<condition number="0" type="jump" coverage="100%"/>
									</conditions>
								</line>
								<line number="36" hits="8" branch="false"/>
								<line number="37" hits="8" branch="false"/>
								<line number="38" hits="8" branch="false"/>
							</lines>
						</method>
						<method name="build" signature="(Lorg/greatage/ioc/ServiceResources;)Ljava/lang/Object;" line-rate="0.7142857142857143" branch-rate="0.5">
							<lines>
								<line number="57" hits="8" branch="false"/>
								<line number="58" hits="8" branch="false"/>
								<line number="61" hits="8" branch="true" condition-coverage="50% (1/2)">
									<conditions>
										<condition number="0" type="jump" coverage="50%"/>
									</conditions>
								</line>
								<line number="62" hits="8" branch="false"/>
								<line number="63" hits="8" branch="false"/>
								<line number="64" hits="0" branch="false"/>
								<line number="65" hits="0" branch="false"/>
							</lines>
						</method>
						<method name="getScope" signature="()Ljava/lang/String;" line-rate="1.0" branch-rate="1.0">
							<lines>
								<line number="53" hits="8" branch="false"/>
							</lines>
						</method>
						<method name="getServiceClass" signature="()Ljava/lang/Class;" line-rate="1.0" branch-rate="1.0">
							<lines>
								<line number="45" hits="60" branch="false"/>
							</lines>
						</method>
						<method name="getServiceId" signature="()Ljava/lang/String;" line-rate="1.0" branch-rate="1.0">
							<lines>
								<line number="41" hits="16" branch="false"/>
							</lines>
						</method>
						<method name="isOverride" signature="()Z" line-rate="0.0" branch-rate="1.0">
							<lines>
								<line number="49" hits="0" branch="false"/>
							</lines>
						</method>
					</methods>
					<lines>
						<line number="27" hits="8" branch="false"/>
						<line number="28" hits="8" branch="false"/>
						<line number="29" hits="8" branch="false"/>
						<line number="32" hits="8" branch="false"/>
						<line number="34" hits="8" branch="false"/>
						<line number="35" hits="8" branch="true" condition-coverage="100% (2/2)">
							<conditions>
								<condition number="0" type="jump" coverage="100%"/>
							</conditions>
						</line>
						<line number="36" hits="8" branch="false"/>
						<line number="37" hits="8" branch="false"/>
						<line number="38" hits="8" branch="false"/>
						<line number="41" hits="16" branch="false"/>
						<line number="45" hits="60" branch="false"/>
						<line number="49" hits="0" branch="false"/>
						<line number="53" hits="8" branch="false"/>
						<line number="57" hits="8" branch="false"/>
						<line number="58" hits="8" branch="false"/>
						<line number="61" hits="8" branch="true" condition-coverage="50% (1/2)">
							<conditions>
								<condition number="0" type="jump" coverage="50%"/>
							</conditions>
						</line>
						<line number="62" hits="8" branch="false"/>
						<line number="63" hits="8" branch="false"/>
						<line number="64" hits="0" branch="false"/>
						<line number="65" hits="0" branch="false"/>
					</lines>
				</class>
				<class name="org.greatage.ioc.ServiceImpl" filename="org/greatage/ioc/ServiceImpl.java" line-rate="0.85" branch-rate="1.0" complexity="1.4285714285714286">
					<methods>
						<method name="&lt;init&gt;" signature="(Ljava/lang/String;Ljava/lang/Class;Ljava/lang/Class;Ljava/lang/String;Z)V" line-rate="1.0" branch-rate="1.0">
							<lines>
								<line number="30" hits="46" branch="false"/>
								<line number="31" hits="46" branch="false"/>
								<line number="32" hits="46" branch="false"/>
								<line number="33" hits="46" branch="false"/>
								<line number="34" hits="46" branch="false"/>
								<line number="35" hits="46" branch="false"/>
								<line number="36" hits="46" branch="false"/>
							</lines>
						</method>
						<method name="&lt;init&gt;" signature="(Ljava/lang/String;Ljava/lang/Class;Ljava/lang/String;Z)V" line-rate="1.0" branch-rate="1.0">
							<lines>
								<line number="23" hits="8" branch="false"/>
								<line number="24" hits="8" branch="false"/>
							</lines>
						</method>
						<method name="build" signature="(Lorg/greatage/ioc/ServiceResources;)Ljava/lang/Object;" line-rate="0.7142857142857143" branch-rate="1.0">
							<lines>
								<line number="55" hits="18" branch="false"/>
								<line number="56" hits="18" branch="false"/>
								<line number="59" hits="18" branch="false"/>
								<line number="60" hits="18" branch="false"/>
								<line number="61" hits="18" branch="false"/>
								<line number="62" hits="0" branch="false"/>
								<line number="63" hits="0" branch="false"/>
							</lines>
						</method>
						<method name="getScope" signature="()Ljava/lang/String;" line-rate="1.0" branch-rate="1.0">
							<lines>
								<line number="51" hits="46" branch="false"/>
							</lines>
						</method>
						<method name="getServiceClass" signature="()Ljava/lang/Class;" line-rate="1.0" branch-rate="1.0">
							<lines>
								<line number="43" hits="251" branch="false"/>
							</lines>
						</method>
						<method name="getServiceId" signature="()Ljava/lang/String;" line-rate="1.0" branch-rate="1.0">
							<lines>
								<line number="39" hits="92" branch="false"/>
							</lines>
						</method>
						<method name="isOverride" signature="()Z" line-rate="0.0" branch-rate="1.0">
							<lines>
								<line number="47" hits="0" branch="false"/>
							</lines>
						</method>
					</methods>
					<lines>
						<line number="23" hits="8" branch="false"/>
						<line number="24" hits="8" branch="false"/>
						<line number="30" hits="46" branch="false"/>
						<line number="31" hits="46" branch="false"/>
						<line number="32" hits="46" branch="false"/>
						<line number="33" hits="46" branch="false"/>
						<line number="34" hits="46" branch="false"/>
						<line number="35" hits="46" branch="false"/>
						<line number="36" hits="46" branch="false"/>
						<line number="39" hits="92" branch="false"/>
						<line number="43" hits="251" branch="false"/>
						<line number="47" hits="0" branch="false"/>
						<line number="51" hits="46" branch="false"/>
						<line number="55" hits="18" branch="false"/>
						<line number="56" hits="18" branch="false"/>
						<line number="59" hits="18" branch="false"/>
						<line number="60" hits="18" branch="false"/>
						<line number="61" hits="18" branch="false"/>
						<line number="62" hits="0" branch="false"/>
						<line number="63" hits="0" branch="false"/>
					</lines>
				</class>
				<class name="org.greatage.ioc.ServiceInitialResources" filename="org/greatage/ioc/ServiceInitialResources.java" line-rate="0.7666666666666667" branch-rate="0.4375" complexity="3.0">
					<methods>
						<method name="&lt;init&gt;" signature="(Lorg/greatage/ioc/ServiceLocator;Ljava/lang/String;Ljava/lang/Class;Ljava/lang/String;)V" line-rate="1.0" branch-rate="1.0">
							<lines>
								<line number="31" hits="54" branch="false"/>
								<line number="32" hits="54" branch="false"/>
								<line number="33" hits="54" branch="false"/>
								<line number="34" hits="54" branch="false"/>
								<line number="35" hits="54" branch="false"/>
								<line number="36" hits="54" branch="false"/>
							</lines>
						</method>
						<method name="&lt;init&gt;" signature="(Lorg/greatage/ioc/ServiceLocator;Lorg/greatage/ioc/Service;)V" line-rate="1.0" branch-rate="1.0">
							<lines>
								<line number="28" hits="54" branch="false"/>
								<line number="29" hits="54" branch="false"/>
							</lines>
						</method>
						<method name="findAnnotation" signature="([Ljava/lang/annotation/Annotation;Ljava/lang/Class;)Ljava/lang/annotation/Annotation;" line-rate="0.6666666666666666" branch-rate="0.25">
							<lines>
								<line number="77" hits="96" branch="true" condition-coverage="50% (1/2)">
									<conditions>
										<condition number="0" type="jump" coverage="50%"/>
									</conditions>
								</line>
								<line number="78" hits="0" branch="true" condition-coverage="0% (0/2)">
									<conditions>
										<condition number="0" type="jump" coverage="0%"/>
									</conditions>
								</line>
								<line number="80" hits="96" branch="false"/>
							</lines>
						</method>
						<method name="getResource" signature="(Ljava/lang/Class;[Ljava/lang/annotation/Annotation;)Ljava/lang/Object;" line-rate="0.625" branch-rate="0.5">
							<lines>
								<line number="51" hits="85" branch="true" condition-coverage="100% (2/2)">
									<conditions>
										<condition number="0" type="jump" coverage="100%"/>
									</conditions>
								</line>
								<line number="52" hits="37" branch="true" condition-coverage="100% (2/2)">
									<conditions>
										<condition number="0" type="jump" coverage="100%"/>
									</conditions>
								</line>
								<line number="53" hits="4" branch="false"/>
								<line number="55" hits="33" branch="false"/>
								<line number="56" hits="33" branch="false"/>
								<line number="59" hits="48" branch="false"/>
								<line number="60" hits="48" branch="true" condition-coverage="50% (1/2)">
									<conditions>
										<condition number="0" type="jump" coverage="50%"/>
									</conditions>
								</line>
								<line number="61" hits="0" branch="true" condition-coverage="0% (0/2)">
									<conditions>
										<condition number="0" type="jump" coverage="0%"/>
									</conditions>
								</line>
								<line number="62" hits="0" branch="false"/>
								<line number="64" hits="0" branch="false"/>
[...]
								</line>
								<line number="81" hits="5" branch="false"/>
								<line number="82" hits="0" branch="false"/>
								<line number="84" hits="10" branch="false"/>
							</lines>
						</method>
					</methods>
					<lines>
						<line number="27" hits="1" branch="false"/>
						<line number="28" hits="1" branch="false"/>
						<line number="29" hits="1" branch="false"/>
						<line number="32" hits="5" branch="false"/>
						<line number="33" hits="5" branch="true" condition-coverage="50% (1/2)">
							<conditions>
								<condition number="0" type="jump" coverage="50%"/>
							</conditions>
						</line>
						<line number="34" hits="5" branch="false"/>
						<line number="35" hits="5" branch="false"/>
						<line number="37" hits="0" branch="false"/>
						<line number="47" hits="5" branch="false"/>
						<line number="50" hits="5" branch="false"/>
						<line number="51" hits="5" branch="false"/>
						<line number="52" hits="5" branch="false"/>
						<line number="56" hits="10" branch="false"/>
						<line number="57" hits="120" branch="true" condition-coverage="100% (2/2)">
							<conditions>
								<condition number="0" type="jump" coverage="100%"/>
							</conditions>
						</line>
						<line number="58" hits="110" branch="false"/>
						<line number="60" hits="110" branch="true" condition-coverage="100% (2/2)">
							<conditions>
								<condition number="0" type="jump" coverage="100%"/>
							</conditions>
						</line>
						<line number="61" hits="92" branch="false"/>
						<line number="63" hits="18" branch="false"/>
						<line number="66" hits="10" branch="true" condition-coverage="100% (2/2)">
							<conditions>
								<condition number="0" type="jump" coverage="100%"/>
							</conditions>
						</line>
						<line number="67" hits="5" branch="false"/>
						<line number="68" hits="5" branch="false"/>
						<line number="70" hits="5" branch="false"/>
						<line number="71" hits="5" branch="true" condition-coverage="100% (2/2)">
							<conditions>
								<condition number="0" type="jump" coverage="100%"/>
							</conditions>
						</line>
						<line number="72" hits="10" branch="false"/>
						<line number="73" hits="10" branch="false"/>
						<line number="74" hits="10" branch="false"/>
						<line number="75" hits="5" branch="false"/>
						<line number="76" hits="0" branch="false"/>
						<line number="77" hits="0" branch="false"/>
						<line number="79" hits="5" branch="true" condition-coverage="50% (1/2)">
							<conditions>
								<condition number="0" type="jump" coverage="50%"/>
							</conditions>
						</line>
						<line number="81" hits="5" branch="false"/>
						<line number="82" hits="0" branch="false"/>
						<line number="84" hits="10" branch="false"/>
					</lines>
				</class>
				<class name="org.greatage.ioc.resource.Resource" filename="org/greatage/ioc/resource/Resource.java" line-rate="1.0" branch-rate="1.0" complexity="1.0">
					<methods>
					</methods>
					<lines>
					</lines>
				</class>
				<class name="org.greatage.ioc.resource.ResourceLocator" filename="org/greatage/ioc/resource/ResourceLocator.java" line-rate="1.0" branch-rate="1.0" complexity="1.0">
					<methods>
					</methods>
					<lines>
					</lines>
				</class>
			</classes>
		</package>
		<package name="org.greatage.ioc.scope" line-rate="0.9666666666666667" branch-rate="0.6666666666666666" complexity="1.0588235294117647">
			<classes>
				<class name="org.greatage.ioc.scope.AbstractScope" filename="org/greatage/ioc/scope/AbstractScope.java" line-rate="1.0" branch-rate="1.0" complexity="1.25">
					<methods>
						<method name="&lt;init&gt;" signature="()V" line-rate="1.0" branch-rate="1.0">
							<lines>
								<line number="14" hits="8" branch="false"/>
							</lines>
						</method>
						<method name="get" signature="(Lorg/greatage/ioc/ServiceResources;Lorg/greatage/ioc/proxy/ObjectBuilder;)Ljava/lang/Object;" line-rate="1.0" branch-rate="1.0">
							<lines>
								<line number="17" hits="135" branch="true" condition-coverage="100% (2/2)">
									<conditions>
										<condition number="0" type="jump" coverage="100%"/>
									</conditions>
								</line>
								<line number="18" hits="14" branch="false"/>
								<line number="19" hits="14" branch="false"/>
								<line number="21" hits="135" branch="false"/>
							</lines>
						</method>
					</methods>
					<lines>
						<line number="14" hits="8" branch="false"/>
						<line number="17" hits="135" branch="true" condition-coverage="100% (2/2)">
							<conditions>
								<condition number="0" type="jump" coverage="100%"/>
							</conditions>
						</line>
						<line number="18" hits="14" branch="false"/>
						<line number="19" hits="14" branch="false"/>
						<line number="21" hits="135" branch="false"/>
					</lines>
				</class>
				<class name="org.greatage.ioc.scope.GlobalScope" filename="org/greatage/ioc/scope/GlobalScope.java" line-rate="1.0" branch-rate="1.0" complexity="1.0">
					<methods>
						<method name="&lt;init&gt;" signature="()V" line-rate="1.0" branch-rate="1.0">
							<lines>
								<line number="16" hits="4" branch="false"/>
								<line number="17" hits="4" branch="false"/>
							</lines>
						</method>
						<method name="contains" signature="(Lorg/greatage/ioc/ServiceResources;)Z" line-rate="1.0" branch-rate="1.0">
							<lines>
								<line number="21" hits="132" branch="false"/>
							</lines>
						</method>
						<method name="get" signature="(Lorg/greatage/ioc/ServiceResources;)Ljava/lang/Object;" line-rate="1.0" branch-rate="1.0">
							<lines>
								<line number="26" hits="132" branch="false"/>
								<line number="27" hits="132" branch="false"/>
							</lines>
						</method>
						<method name="put" signature="(Lorg/greatage/ioc/ServiceResources;Ljava/lang/Object;)V" line-rate="1.0" branch-rate="1.0">
							<lines>
								<line number="32" hits="13" branch="false"/>
								<line number="33" hits="13" branch="false"/>
							</lines>
						</method>
					</methods>
					<lines>
						<line number="16" hits="4" branch="false"/>
						<line number="17" hits="4" branch="false"/>
						<line number="21" hits="132" branch="false"/>
						<line number="26" hits="132" branch="false"/>
						<line number="27" hits="132" branch="false"/>
						<line number="32" hits="13" branch="false"/>
						<line number="33" hits="13" branch="false"/>
					</lines>
				</class>
				<class name="org.greatage.ioc.scope.PrototypeScope" filename="org/greatage/ioc/scope/PrototypeScope.java" line-rate="0.5" branch-rate="1.0" complexity="1.0">
					<methods>
						<method name="&lt;init&gt;" signature="()V" line-rate="1.0" branch-rate="1.0">
							<lines>
								<line number="14" hits="4" branch="false"/>
							</lines>
						</method>
						<method name="get" signature="(Lorg/greatage/ioc/ServiceResources;Lorg/greatage/ioc/proxy/ObjectBuilder;)Ljava/lang/Object;" line-rate="0.0" branch-rate="1.0">
							<lines>
								<line number="16" hits="0" branch="false"/>
							</lines>
						</method>
					</methods>
					<lines>
						<line number="14" hits="4" branch="false"/>
						<line number="16" hits="0" branch="false"/>
					</lines>
				</class>
				<class name="org.greatage.ioc.scope.Scope" filename="org/greatage/ioc/scope/Scope.java" line-rate="1.0" branch-rate="1.0" complexity="1.0">
					<methods>
					</methods>
					<lines>
					</lines>
				</class>
				<class name="org.greatage.ioc.scope.ScopeManager" filename="org/greatage/ioc/scope/ScopeManager.java" line-rate="1.0" branch-rate="1.0" complexity="1.0">
					<methods>
					</methods>
					<lines>
					</lines>
				</class>
				<class name="org.greatage.ioc.scope.ScopeManagerImpl" filename="org/greatage/ioc/scope/ScopeManagerImpl.java" line-rate="1.0" branch-rate="0.5" complexity="1.0">
					<methods>
						<method name="&lt;clinit&gt;" signature="()V" line-rate="1.0" branch-rate="1.0">
							<lines>
								<line number="13" hits="1" branch="false"/>
							</lines>
						</method>
						<method name="&lt;init&gt;" signature="(Ljava/util/Map;)V" line-rate="1.0" branch-rate="0.5">
							<lines>
								<line number="16" hits="4" branch="false"/>
								<line number="17" hits="4" branch="true" condition-coverage="50% (2/4)">
									<conditions>
										<condition number="0" type="jump" coverage="50%"/>
										<condition number="1" type="jump" coverage="50%"/>
									</conditions>
								</line>
								<line number="19" hits="4" branch="false"/>
								<line number="20" hits="4" branch="false"/>
							</lines>
						</method>
						<method name="getScope" signature="(Ljava/lang/String;)Lorg/greatage/ioc/scope/Scope;" line-rate="1.0" branch-rate="1.0">
							<lines>
								<line number="23" hits="14" branch="false"/>
							</lines>
						</method>
					</methods>
					<lines>
						<line number="13" hits="1" branch="false"/>
						<line number="16" hits="4" branch="false"/>
						<line number="17" hits="4" branch="true" condition-coverage="50% (2/4)">
							<conditions>
								<condition number="0" type="jump" coverage="50%"/>
								<condition number="1" type="jump" coverage="50%"/>
							</conditions>
						</line>
						<line number="19" hits="4" branch="false"/>
						<line number="20" hits="4" branch="false"/>
						<line number="23" hits="14" branch="false"/>
					</lines>
				</class>
				<class name="org.greatage.ioc.scope.ThreadScope" filename="org/greatage/ioc/scope/ThreadScope.java" line-rate="1.0" branch-rate="1.0" complexity="1.0">
					<methods>
						<method name="&lt;init&gt;" signature="()V" line-rate="1.0" branch-rate="1.0">
							<lines>
								<line number="16" hits="4" branch="false"/>
								<line number="17" hits="4" branch="false"/>
							</lines>
						</method>
						<method name="contains" signature="(Lorg/greatage/ioc/ServiceResources;)Z" line-rate="1.0" branch-rate="1.0">
							<lines>
								<line number="26" hits="3" branch="false"/>
							</lines>
						</method>
						<method name="get" signature="(Lorg/greatage/ioc/ServiceResources;)Ljava/lang/Object;" line-rate="1.0" branch-rate="1.0">
							<lines>
								<line number="31" hits="3" branch="false"/>
								<line number="32" hits="3" branch="false"/>
							</lines>
						</method>
						<method name="getServices" signature="()Ljava/util/Map;" line-rate="1.0" branch-rate="1.0">
							<lines>
								<line number="41" hits="7" branch="false"/>
							</lines>
						</method>
						<method name="put" signature="(Lorg/greatage/ioc/ServiceResources;Ljava/lang/Object;)V" line-rate="1.0" branch-rate="1.0">
							<lines>
								<line number="37" hits="1" branch="false"/>
								<line number="38" hits="1" branch="false"/>
							</lines>
						</method>
					</methods>
					<lines>
						<line number="16" hits="4" branch="false"/>
						<line number="17" hits="4" branch="false"/>
						<line number="26" hits="3" branch="false"/>
						<line number="31" hits="3" branch="false"/>
						<line number="32" hits="3" branch="false"/>
						<line number="37" hits="1" branch="false"/>
						<line number="38" hits="1" branch="false"/>
						<line number="41" hits="7" branch="false"/>
					</lines>
				</class>
				<class name="org.greatage.ioc.scope.ThreadScope$1" filename="org/greatage/ioc/scope/ThreadScope.java" line-rate="1.0" branch-rate="1.0" complexity="1.0">
					<methods>
						<method name="&lt;init&gt;" signature="(Lorg/greatage/ioc/scope/ThreadScope;)V" line-rate="1.0" branch-rate="1.0">
							<lines>
							</lines>
						</method>
						<method name="initialValue" signature="()Ljava/lang/Object;" line-rate="1.0" branch-rate="1.0">
							<lines>
								<line number="17" hits="5" branch="false"/>
							</lines>
						</method>
						<method name="initialValue" signature="()Ljava/util/Map;" line-rate="1.0" branch-rate="1.0">
							<lines>
								<line number="20" hits="1" branch="false"/>
							</lines>
						</method>
					</methods>
					<lines>
						<line number="17" hits="5" branch="false"/>
						<line number="20" hits="1" branch="false"/>
					</lines>
				</class>
			</classes>
		</package>
		<package name="org.greatage.ioc.symbol" line-rate="0.9333333333333333" branch-rate="0.75" complexity="1.875">
			<classes>
				<class name="org.greatage.ioc.symbol.DefaultSymbolProvider" filename="org/greatage/ioc/symbol/DefaultSymbolProvider.java" line-rate="1.0" branch-rate="0.5" complexity="1.0">
					<methods>
						<method name="&lt;clinit&gt;" signature="()V" line-rate="1.0" branch-rate="1.0">
							<lines>
								<line number="13" hits="1" branch="false"/>
							</lines>
						</method>
						<method name="&lt;init&gt;" signature="(Ljava/util/Map;)V" line-rate="1.0" branch-rate="0.5">
							<lines>
								<line number="16" hits="1" branch="false"/>
								<line number="17" hits="1" branch="true" condition-coverage="50% (2/4)">
									<conditions>
										<condition number="0" type="jump" coverage="50%"/>
										<condition number="1" type="jump" coverage="50%"/>
									</conditions>
								</line>
								<line number="19" hits="1" branch="false"/>
								<line number="20" hits="1" branch="false"/>
							</lines>
						</method>
						<method name="getSymbol" signature="(Ljava/lang/String;)Ljava/lang/String;" line-rate="1.0" branch-rate="1.0">
							<lines>
								<line number="23" hits="9" branch="false"/>
							</lines>
						</method>
					</methods>
					<lines>
						<line number="13" hits="1" branch="false"/>
						<line number="16" hits="1" branch="false"/>
						<line number="17" hits="1" branch="true" condition-coverage="50% (2/4)">
							<conditions>
								<condition number="0" type="jump" coverage="50%"/>
								<condition number="1" type="jump" coverage="50%"/>
							</conditions>
						</line>
						<line number="19" hits="1" branch="false"/>
						<line number="20" hits="1" branch="false"/>
						<line number="23" hits="9" branch="false"/>
					</lines>
				</class>
				<class name="org.greatage.ioc.symbol.SymbolProvider" filename="org/greatage/ioc/symbol/SymbolProvider.java" line-rate="1.0" branch-rate="1.0" complexity="1.0">
					<methods>
					</methods>
					<lines>
					</lines>
				</class>
				<class name="org.greatage.ioc.symbol.SymbolSource" filename="org/greatage/ioc/symbol/SymbolSource.java" line-rate="1.0" branch-rate="1.0" complexity="1.0">
					<methods>
					</methods>
					<lines>
					</lines>
				</class>
				<class name="org.greatage.ioc.symbol.SymbolSourceImpl" filename="org/greatage/ioc/symbol/SymbolSourceImpl.java" line-rate="1.0" branch-rate="0.8333333333333334" complexity="3.3333333333333335">
					<methods>
						<method name="&lt;clinit&gt;" signature="()V" line-rate="1.0" branch-rate="1.0">
							<lines>
								<line number="15" hits="1" branch="false"/>
								<line number="18" hits="1" branch="false"/>
							</lines>
						</method>
						<method name="&lt;init&gt;" signature="(Ljava/util/List;)V" line-rate="1.0" branch-rate="0.5">
							<lines>
								<line number="22" hits="1" branch="false"/>
								<line number="23" hits="1" branch="true" condition-coverage="50% (2/4)">
									<conditions>
										<condition number="0" type="jump" coverage="50%"/>
										<condition number="1" type="jump" coverage="50%"/>
									</conditions>
								</line>
								<line number="25" hits="1" branch="false"/>
								<line number="26" hits="1" branch="false"/>
							</lines>
						</method>
						<method name="getSymbol" signature="(Ljava/lang/String;)Ljava/lang/String;" line-rate="1.0" branch-rate="1.0">
							<lines>
								<line number="44" hits="9" branch="true" condition-coverage="100% (2/2)">
									<conditions>
										<condition number="0" type="jump" coverage="100%"/>
									</conditions>
								</line>
								<line number="45" hits="9" branch="false"/>
								<line number="46" hits="9" branch="true" condition-coverage="100% (2/2)">
									<conditions>
										<condition number="0" type="jump" coverage="100%"/>
									</conditions>
								</line>
								<line number="47" hits="5" branch="false"/>
								<line number="49" hits="4" branch="false"/>
								<line number="50" hits="4" branch="false"/>
							</lines>
						</method>
						<method name="getValue" signature="(Ljava/lang/String;)Ljava/lang/String;" line-rate="1.0" branch-rate="1.0">
							<lines>
								<line number="29" hits="9" branch="false"/>
								<line number="30" hits="8" branch="true" condition-coverage="100% (2/2)">
									<conditions>
										<condition number="0" type="jump" coverage="100%"/>
									</conditions>
								</line>
								<line number="31" hits="3" branch="false"/>
								<line number="34" hits="5" branch="false"/>
								<line number="35" hits="9" branch="true" condition-coverage="100% (2/2)">
									<conditions>
										<condition number="0" type="jump" coverage="100%"/>
									</conditions>
								</line>
								<line number="36" hits="6" branch="false"/>
								<line number="37" hits="6" branch="false"/>
								<line number="38" hits="4" branch="false"/>
								<line number="39" hits="4" branch="false"/>
								<line number="40" hits="3" branch="false"/>
							</lines>
						</method>
					</methods>
					<lines>
						<line number="15" hits="1" branch="false"/>
						<line number="18" hits="1" branch="false"/>
						<line number="22" hits="1" branch="false"/>
						<line number="23" hits="1" branch="true" condition-coverage="50% (2/4)">
							<conditions>
								<condition number="0" type="jump" coverage="50%"/>
								<condition number="1" type="jump" coverage="50%"/>
							</conditions>
						</line>
						<line number="25" hits="1" branch="false"/>
						<line number="26" hits="1" branch="false"/>
						<line number="29" hits="9" branch="false"/>
						<line number="30" hits="8" branch="true" condition-coverage="100% (2/2)">
							<conditions>
								<condition number="0" type="jump" coverage="100%"/>
							</conditions>
						</line>
						<line number="31" hits="3" branch="false"/>
						<line number="34" hits="5" branch="false"/>
						<line number="35" hits="9" branch="true" condition-coverage="100% (2/2)">
							<conditions>
								<condition number="0" type="jump" coverage="100%"/>
							</conditions>
						</line>
						<line number="36" hits="6" branch="false"/>
						<line number="37" hits="6" branch="false"/>
						<line number="38" hits="4" branch="false"/>
						<line number="39" hits="4" branch="false"/>
						<line number="40" hits="3" branch="false"/>
						<line number="44" hits="9" branch="true" condition-coverage="100% (2/2)">
							<conditions>
								<condition number="0" type="jump" coverage="100%"/>
							</conditions>
						</line>
						<line number="45" hits="9" branch="false"/>
						<line number="46" hits="9" branch="true" condition-coverage="100% (2/2)">
							<conditions>
								<condition number="0" type="jump" coverage="100%"/>
							</conditions>
						</line>
						<line number="47" hits="5" branch="false"/>
						<line number="49" hits="4" branch="false"/>
						<line number="50" hits="4" branch="false"/>
					</lines>
				</class>
				<class name="org.greatage.ioc.symbol.SystemSymbolProvider" filename="org/greatage/ioc/symbol/SystemSymbolProvider.java" line-rate="0.0" branch-rate="1.0" complexity="1.0">
					<methods>
						<method name="&lt;init&gt;" signature="()V" line-rate="0.0" branch-rate="1.0">
							<lines>
								<line number="11" hits="0" branch="false"/>
							</lines>
						</method>
						<method name="getSymbol" signature="(Ljava/lang/String;)Ljava/lang/String;" line-rate="0.0" branch-rate="1.0">
							<lines>
								<line number="13" hits="0" branch="false"/>
							</lines>
						</method>
					</methods>
					<lines>
						<line number="11" hits="0" branch="false"/>
						<line number="13" hits="0" branch="false"/>
					</lines>
				</class>
			</classes>
		</package>
	</packages>
</coverage>
